<?xml version="1.0" encoding="utf-8"?>
<TestRun id="a4912807-63e8-4193-a11b-4d1e78adbeb3" name="Admin@DESKTOP-SF9B1Q6 2025-10-28 23:51:14" runUser="DESKTOP-SF9B1Q6\Admin" xmlns="http://microsoft.com/schemas/VisualStudio/TeamTest/2010">
  <Times creation="2025-10-28T23:51:14.0609980+00:00" queuing="2025-10-28T23:51:14.0609984+00:00" start="2025-10-28T23:51:06.0732687+00:00" finish="2025-10-28T23:51:14.2743946+00:00" />
  <TestSettings name="default" id="bb4ac68f-7f6c-4e6f-a6f4-567fd65f93e6">
    <Deployment runDeploymentRoot="Admin_DESKTOP-SF9B1Q6_2025-10-28_23_51_14" />
  </TestSettings>
  <Results>
    <UnitTestResult executionId="fde82451-e007-423d-9005-631f01e38a3f" testId="16319d3d-8dac-f42b-828d-9ca4297577b3" testName="BookLending.Api.Tests.BooksEndpointsFlowTests.PostBooks_invalid_payload_returns_400" computerName="DESKTOP-SF9B1Q6" duration="00:00:00.1960115" startTime="2025-10-28T23:51:13.9535695+00:00" endTime="2025-10-28T23:51:13.9535698+00:00" testType="13cdc9d9-ddb5-4fa4-a97d-d965ccfc6d4b" outcome="Passed" testListId="8c84fa94-04c1-424b-9868-57a2d4851a1d" relativeResultsDirectory="fde82451-e007-423d-9005-631f01e38a3f" />
    <UnitTestResult executionId="2bbc36b7-b167-4db3-8b8a-5999db8de18a" testId="8ecbd635-d340-a973-0e13-f83e5831862c" testName="BookLending.Api.Tests.BooksEndpointsFlowTests.PostBooks_creates_book_and_returns_201_with_Location" computerName="DESKTOP-SF9B1Q6" duration="00:00:00.1068982" startTime="2025-10-28T23:51:13.5144971+00:00" endTime="2025-10-28T23:51:13.5144986+00:00" testType="13cdc9d9-ddb5-4fa4-a97d-d965ccfc6d4b" outcome="Passed" testListId="8c84fa94-04c1-424b-9868-57a2d4851a1d" relativeResultsDirectory="2bbc36b7-b167-4db3-8b8a-5999db8de18a" />
    <UnitTestResult executionId="03432848-0102-4bd4-a11e-26a82e5aa08a" testId="984d6ce9-6a5e-d7b4-4c44-77cdcf43925c" testName="BookLending.Api.Tests.BooksEndpointsFlowTests.Checkout_then_Return_updates_availability_flags" computerName="DESKTOP-SF9B1Q6" duration="00:00:05.1010706" startTime="2025-10-28T23:51:13.3910264+00:00" endTime="2025-10-28T23:51:13.3910268+00:00" testType="13cdc9d9-ddb5-4fa4-a97d-d965ccfc6d4b" outcome="Passed" testListId="8c84fa94-04c1-424b-9868-57a2d4851a1d" relativeResultsDirectory="03432848-0102-4bd4-a11e-26a82e5aa08a" />
    <UnitTestResult executionId="fb78894a-478a-4ddb-abfc-504848b2ce29" testId="e5e64254-62e8-e063-3024-a802de338838" testName="BookLending.Api.Tests.BooksEndpointsFlowTests.Checkout_with_invalid_id_returns_400_or_404(rawId: &quot;not-a-guid&quot;)" computerName="DESKTOP-SF9B1Q6" duration="00:00:00.0555996" startTime="2025-10-28T23:51:14.0477407+00:00" endTime="2025-10-28T23:51:14.0477412+00:00" testType="13cdc9d9-ddb5-4fa4-a97d-d965ccfc6d4b" outcome="Passed" testListId="8c84fa94-04c1-424b-9868-57a2d4851a1d" relativeResultsDirectory="fb78894a-478a-4ddb-abfc-504848b2ce29" />
    <UnitTestResult executionId="759ae02a-ec89-4e3f-b723-28e414cba0c1" testId="0658f0b8-28c7-7d87-2b25-f558bd30b040" testName="BookLending.Api.Tests.BooksEndpointsFlowTests.Checkout_with_invalid_id_returns_400_or_404(rawId: &quot;00000000-0000-0000-0000-000000000000&quot;)" computerName="DESKTOP-SF9B1Q6" duration="00:00:00.0385309" startTime="2025-10-28T23:51:14.0880920+00:00" endTime="2025-10-28T23:51:14.0880922+00:00" testType="13cdc9d9-ddb5-4fa4-a97d-d965ccfc6d4b" outcome="Passed" testListId="8c84fa94-04c1-424b-9868-57a2d4851a1d" relativeResultsDirectory="759ae02a-ec89-4e3f-b723-28e414cba0c1" />
    <UnitTestResult executionId="1ed73f1a-861a-4509-b5c7-677b6d33e931" testId="831cff16-0e08-f126-cf05-b01f74cb5572" testName="BookLending.Api.Tests.BooksEndpointsFlowTests.Return_when_not_checked_out_returns_conflict_or_bad_request" computerName="DESKTOP-SF9B1Q6" duration="00:00:00.1174134" startTime="2025-10-28T23:51:13.6696461+00:00" endTime="2025-10-28T23:51:13.6696465+00:00" testType="13cdc9d9-ddb5-4fa4-a97d-d965ccfc6d4b" outcome="Passed" testListId="8c84fa94-04c1-424b-9868-57a2d4851a1d" relativeResultsDirectory="1ed73f1a-861a-4509-b5c7-677b6d33e931" />
    <UnitTestResult executionId="853c18df-f84b-4f40-b762-bc407764d348" testId="ae18608d-8394-ec81-9361-2054f89fdf2e" testName="BookLending.Api.Tests.BooksControllerTests.GetBooks_Returns200" computerName="DESKTOP-SF9B1Q6" duration="00:00:04.9513505" startTime="2025-10-28T23:51:13.2671294+00:00" endTime="2025-10-28T23:51:13.2671848+00:00" testType="13cdc9d9-ddb5-4fa4-a97d-d965ccfc6d4b" outcome="Passed" testListId="8c84fa94-04c1-424b-9868-57a2d4851a1d" relativeResultsDirectory="853c18df-f84b-4f40-b762-bc407764d348" />
    <UnitTestResult executionId="be0062c7-202f-48d9-a4dd-86d5e2d18812" testId="a31f7d1c-a190-8fa2-5b37-55e55ee55299" testName="BookLending.Api.Tests.BooksEndpointsTests.GetBooks_returns_200_and_json" computerName="DESKTOP-SF9B1Q6" duration="00:00:04.9812259" startTime="2025-10-28T23:51:13.3085770+00:00" endTime="2025-10-28T23:51:13.3085774+00:00" testType="13cdc9d9-ddb5-4fa4-a97d-d965ccfc6d4b" outcome="Passed" testListId="8c84fa94-04c1-424b-9868-57a2d4851a1d" relativeResultsDirectory="be0062c7-202f-48d9-a4dd-86d5e2d18812" />
    <UnitTestResult executionId="3d32bc7f-7131-439d-a2bc-4861c0ec863e" testId="c500f097-fe71-67cf-b8d4-784d1e132c6b" testName="BookLending.Api.Tests.BooksEndpointsFlowTests.Checkout_twice_returns_conflict_or_bad_request" computerName="DESKTOP-SF9B1Q6" duration="00:00:00.0604691" startTime="2025-10-28T23:51:13.7450265+00:00" endTime="2025-10-28T23:51:13.7450270+00:00" testType="13cdc9d9-ddb5-4fa4-a97d-d965ccfc6d4b" outcome="Passed" testListId="8c84fa94-04c1-424b-9868-57a2d4851a1d" relativeResultsDirectory="3d32bc7f-7131-439d-a2bc-4861c0ec863e" />
  </Results>
  <TestDefinitions>
    <UnitTest name="BookLending.Api.Tests.BooksEndpointsFlowTests.Checkout_then_Return_updates_availability_flags" storage="c:\users\admin\mastek tech test\booklendingservice\tests\booklending.api.tests\bin\debug\net8.0\booklending.api.tests.dll" id="984d6ce9-6a5e-d7b4-4c44-77cdcf43925c">
      <Execution id="03432848-0102-4bd4-a11e-26a82e5aa08a" />
      <TestMethod codeBase="C:\Users\Admin\Mastek Tech Test\BookLendingService\tests\BookLending.Api.Tests\bin\Debug\net8.0\BookLending.Api.Tests.dll" adapterTypeName="executor://xunit/VsTestRunner2/netcoreapp" className="BookLending.Api.Tests.BooksEndpointsFlowTests" name="Checkout_then_Return_updates_availability_flags" />
    </UnitTest>
    <UnitTest name="BookLending.Api.Tests.BooksEndpointsFlowTests.PostBooks_creates_book_and_returns_201_with_Location" storage="c:\users\admin\mastek tech test\booklendingservice\tests\booklending.api.tests\bin\debug\net8.0\booklending.api.tests.dll" id="8ecbd635-d340-a973-0e13-f83e5831862c">
      <Execution id="2bbc36b7-b167-4db3-8b8a-5999db8de18a" />
      <TestMethod codeBase="C:\Users\Admin\Mastek Tech Test\BookLendingService\tests\BookLending.Api.Tests\bin\Debug\net8.0\BookLending.Api.Tests.dll" adapterTypeName="executor://xunit/VsTestRunner2/netcoreapp" className="BookLending.Api.Tests.BooksEndpointsFlowTests" name="PostBooks_creates_book_and_returns_201_with_Location" />
    </UnitTest>
    <UnitTest name="BookLending.Api.Tests.BooksEndpointsTests.GetBooks_returns_200_and_json" storage="c:\users\admin\mastek tech test\booklendingservice\tests\booklending.api.tests\bin\debug\net8.0\booklending.api.tests.dll" id="a31f7d1c-a190-8fa2-5b37-55e55ee55299">
      <Execution id="be0062c7-202f-48d9-a4dd-86d5e2d18812" />
      <TestMethod codeBase="C:\Users\Admin\Mastek Tech Test\BookLendingService\tests\BookLending.Api.Tests\bin\Debug\net8.0\BookLending.Api.Tests.dll" adapterTypeName="executor://xunit/VsTestRunner2/netcoreapp" className="BookLending.Api.Tests.BooksEndpointsTests" name="GetBooks_returns_200_and_json" />
    </UnitTest>
    <UnitTest name="BookLending.Api.Tests.BooksEndpointsFlowTests.PostBooks_invalid_payload_returns_400" storage="c:\users\admin\mastek tech test\booklendingservice\tests\booklending.api.tests\bin\debug\net8.0\booklending.api.tests.dll" id="16319d3d-8dac-f42b-828d-9ca4297577b3">
      <Execution id="fde82451-e007-423d-9005-631f01e38a3f" />
      <TestMethod codeBase="C:\Users\Admin\Mastek Tech Test\BookLendingService\tests\BookLending.Api.Tests\bin\Debug\net8.0\BookLending.Api.Tests.dll" adapterTypeName="executor://xunit/VsTestRunner2/netcoreapp" className="BookLending.Api.Tests.BooksEndpointsFlowTests" name="PostBooks_invalid_payload_returns_400" />
    </UnitTest>
    <UnitTest name="BookLending.Api.Tests.BooksControllerTests.GetBooks_Returns200" storage="c:\users\admin\mastek tech test\booklendingservice\tests\booklending.api.tests\bin\debug\net8.0\booklending.api.tests.dll" id="ae18608d-8394-ec81-9361-2054f89fdf2e">
      <Execution id="853c18df-f84b-4f40-b762-bc407764d348" />
      <TestMethod codeBase="C:\Users\Admin\Mastek Tech Test\BookLendingService\tests\BookLending.Api.Tests\bin\Debug\net8.0\BookLending.Api.Tests.dll" adapterTypeName="executor://xunit/VsTestRunner2/netcoreapp" className="BookLending.Api.Tests.BooksControllerTests" name="GetBooks_Returns200" />
    </UnitTest>
    <UnitTest name="BookLending.Api.Tests.BooksEndpointsFlowTests.Checkout_twice_returns_conflict_or_bad_request" storage="c:\users\admin\mastek tech test\booklendingservice\tests\booklending.api.tests\bin\debug\net8.0\booklending.api.tests.dll" id="c500f097-fe71-67cf-b8d4-784d1e132c6b">
      <Execution id="3d32bc7f-7131-439d-a2bc-4861c0ec863e" />
      <TestMethod codeBase="C:\Users\Admin\Mastek Tech Test\BookLendingService\tests\BookLending.Api.Tests\bin\Debug\net8.0\BookLending.Api.Tests.dll" adapterTypeName="executor://xunit/VsTestRunner2/netcoreapp" className="BookLending.Api.Tests.BooksEndpointsFlowTests" name="Checkout_twice_returns_conflict_or_bad_request" />
    </UnitTest>
    <UnitTest name="BookLending.Api.Tests.BooksEndpointsFlowTests.Checkout_with_invalid_id_returns_400_or_404(rawId: &quot;00000000-0000-0000-0000-000000000000&quot;)" storage="c:\users\admin\mastek tech test\booklendingservice\tests\booklending.api.tests\bin\debug\net8.0\booklending.api.tests.dll" id="0658f0b8-28c7-7d87-2b25-f558bd30b040">
      <Execution id="759ae02a-ec89-4e3f-b723-28e414cba0c1" />
      <TestMethod codeBase="C:\Users\Admin\Mastek Tech Test\BookLendingService\tests\BookLending.Api.Tests\bin\Debug\net8.0\BookLending.Api.Tests.dll" adapterTypeName="executor://xunit/VsTestRunner2/netcoreapp" className="BookLending.Api.Tests.BooksEndpointsFlowTests" name="Checkout_with_invalid_id_returns_400_or_404" />
    </UnitTest>
    <UnitTest name="BookLending.Api.Tests.BooksEndpointsFlowTests.Checkout_with_invalid_id_returns_400_or_404(rawId: &quot;not-a-guid&quot;)" storage="c:\users\admin\mastek tech test\booklendingservice\tests\booklending.api.tests\bin\debug\net8.0\booklending.api.tests.dll" id="e5e64254-62e8-e063-3024-a802de338838">
      <Execution id="fb78894a-478a-4ddb-abfc-504848b2ce29" />
      <TestMethod codeBase="C:\Users\Admin\Mastek Tech Test\BookLendingService\tests\BookLending.Api.Tests\bin\Debug\net8.0\BookLending.Api.Tests.dll" adapterTypeName="executor://xunit/VsTestRunner2/netcoreapp" className="BookLending.Api.Tests.BooksEndpointsFlowTests" name="Checkout_with_invalid_id_returns_400_or_404" />
    </UnitTest>
    <UnitTest name="BookLending.Api.Tests.BooksEndpointsFlowTests.Return_when_not_checked_out_returns_conflict_or_bad_request" storage="c:\users\admin\mastek tech test\booklendingservice\tests\booklending.api.tests\bin\debug\net8.0\booklending.api.tests.dll" id="831cff16-0e08-f126-cf05-b01f74cb5572">
      <Execution id="1ed73f1a-861a-4509-b5c7-677b6d33e931" />
      <TestMethod codeBase="C:\Users\Admin\Mastek Tech Test\BookLendingService\tests\BookLending.Api.Tests\bin\Debug\net8.0\BookLending.Api.Tests.dll" adapterTypeName="executor://xunit/VsTestRunner2/netcoreapp" className="BookLending.Api.Tests.BooksEndpointsFlowTests" name="Return_when_not_checked_out_returns_conflict_or_bad_request" />
    </UnitTest>
  </TestDefinitions>
  <TestEntries>
    <TestEntry testId="16319d3d-8dac-f42b-828d-9ca4297577b3" executionId="fde82451-e007-423d-9005-631f01e38a3f" testListId="8c84fa94-04c1-424b-9868-57a2d4851a1d" />
    <TestEntry testId="8ecbd635-d340-a973-0e13-f83e5831862c" executionId="2bbc36b7-b167-4db3-8b8a-5999db8de18a" testListId="8c84fa94-04c1-424b-9868-57a2d4851a1d" />
    <TestEntry testId="984d6ce9-6a5e-d7b4-4c44-77cdcf43925c" executionId="03432848-0102-4bd4-a11e-26a82e5aa08a" testListId="8c84fa94-04c1-424b-9868-57a2d4851a1d" />
    <TestEntry testId="e5e64254-62e8-e063-3024-a802de338838" executionId="fb78894a-478a-4ddb-abfc-504848b2ce29" testListId="8c84fa94-04c1-424b-9868-57a2d4851a1d" />
    <TestEntry testId="0658f0b8-28c7-7d87-2b25-f558bd30b040" executionId="759ae02a-ec89-4e3f-b723-28e414cba0c1" testListId="8c84fa94-04c1-424b-9868-57a2d4851a1d" />
    <TestEntry testId="831cff16-0e08-f126-cf05-b01f74cb5572" executionId="1ed73f1a-861a-4509-b5c7-677b6d33e931" testListId="8c84fa94-04c1-424b-9868-57a2d4851a1d" />
    <TestEntry testId="ae18608d-8394-ec81-9361-2054f89fdf2e" executionId="853c18df-f84b-4f40-b762-bc407764d348" testListId="8c84fa94-04c1-424b-9868-57a2d4851a1d" />
    <TestEntry testId="a31f7d1c-a190-8fa2-5b37-55e55ee55299" executionId="be0062c7-202f-48d9-a4dd-86d5e2d18812" testListId="8c84fa94-04c1-424b-9868-57a2d4851a1d" />
    <TestEntry testId="c500f097-fe71-67cf-b8d4-784d1e132c6b" executionId="3d32bc7f-7131-439d-a2bc-4861c0ec863e" testListId="8c84fa94-04c1-424b-9868-57a2d4851a1d" />
  </TestEntries>
  <TestLists>
    <TestList name="Results Not in a List" id="8c84fa94-04c1-424b-9868-57a2d4851a1d" />
    <TestList name="All Loaded Results" id="19431567-8539-422a-85d7-44ee4e166bda" />
  </TestLists>
  <ResultSummary outcome="Completed">
    <Counters total="9" executed="9" passed="9" failed="0" error="0" timeout="0" aborted="0" inconclusive="0" passedButRunAborted="0" notRunnable="0" notExecuted="0" disconnected="0" warning="0" completed="0" inProgress="0" pending="0" />
    <Output>
      <StdOut>[xUnit.net 00:00:00.00] xUnit.net VSTest Adapter v2.8.2+699d445a1a (64-bit .NET 8.0.21)&#xD;
[xUnit.net 00:00:00.32]   Discovering: BookLending.Api.Tests&#xD;
[xUnit.net 00:00:00.55]   Discovered:  BookLending.Api.Tests&#xD;
[xUnit.net 00:00:00.57]   Starting:    BookLending.Api.Tests&#xD;
     Warning:&#xD;
     The component "Fluent Assertions" is governed by the rules defined in the Xceed License Agreement and&#xD;
     the Xceed Fluent Assertions Community License. You may use Fluent Assertions free of charge for&#xD;
     non-commercial use only. An active subscription is required to use Fluent Assertions for commercial use.&#xD;
     Please contact Xceed Sales mailto:sales@xceed.com to acquire a subscription at a very low cost.&#xD;
     A paid commercial license supports the development and continued increasing support of&#xD;
     Fluent Assertions users under both commercial and community licenses. Help us&#xD;
     keep Fluent Assertions at the forefront of unit testing.&#xD;
     For more information, visit https://xceed.com/products/unit-testing/fluent-assertions/&#xD;
[xUnit.net 00:00:06.56]   Finished:    BookLending.Api.Tests&#xD;
</StdOut>
    </Output>
  </ResultSummary>
</TestRun>