<?xml version="1.0" encoding="utf-8"?>
<TestRun id="547cffff-a99d-4f2d-86b6-6a70cf745fe5" name="Admin@DESKTOP-SF9B1Q6 2025-10-28 22:53:57" runUser="DESKTOP-SF9B1Q6\Admin" xmlns="http://microsoft.com/schemas/VisualStudio/TeamTest/2010">
  <Times creation="2025-10-28T22:53:57.9066312+00:00" queuing="2025-10-28T22:53:57.9066318+00:00" start="2025-10-28T22:53:38.3167080+00:00" finish="2025-10-28T22:53:58.8747734+00:00" />
  <TestSettings name="default" id="832f016d-5b55-4d92-8a81-800d924e943d">
    <Deployment runDeploymentRoot="Admin_DESKTOP-SF9B1Q6_2025-10-28_22_53_57" />
  </TestSettings>
  <Results>
    <UnitTestResult executionId="fdb775b2-a9f0-46cc-b5fe-de3811e7ff77" testId="16319d3d-8dac-f42b-828d-9ca4297577b3" testName="BookLending.Api.Tests.BooksEndpointsFlowTests.PostBooks_invalid_payload_returns_400" computerName="DESKTOP-SF9B1Q6" duration="00:00:00.1253293" startTime="2025-10-28T22:53:58.6585503+00:00" endTime="2025-10-28T22:53:58.6585505+00:00" testType="13cdc9d9-ddb5-4fa4-a97d-d965ccfc6d4b" outcome="Passed" testListId="8c84fa94-04c1-424b-9868-57a2d4851a1d" relativeResultsDirectory="fdb775b2-a9f0-46cc-b5fe-de3811e7ff77" />
    <UnitTestResult executionId="92f03e91-90d3-44da-a0ee-f2273c16e177" testId="ae18608d-8394-ec81-9361-2054f89fdf2e" testName="BookLending.Api.Tests.BooksControllerTests.GetBooks_Returns200" computerName="DESKTOP-SF9B1Q6" duration="00:00:08.5605910" startTime="2025-10-28T22:53:57.3824801+00:00" endTime="2025-10-28T22:53:57.3824803+00:00" testType="13cdc9d9-ddb5-4fa4-a97d-d965ccfc6d4b" outcome="Passed" testListId="8c84fa94-04c1-424b-9868-57a2d4851a1d" relativeResultsDirectory="92f03e91-90d3-44da-a0ee-f2273c16e177" />
    <UnitTestResult executionId="f5cbd5ce-c3ec-4198-aee3-bbb6b2ce55b8" testId="e5e64254-62e8-e063-3024-a802de338838" testName="BookLending.Api.Tests.BooksEndpointsFlowTests.Checkout_with_invalid_id_returns_400_or_404(rawId: &quot;not-a-guid&quot;)" computerName="DESKTOP-SF9B1Q6" duration="00:00:00.0088235" startTime="2025-10-28T22:53:58.6702570+00:00" endTime="2025-10-28T22:53:58.6702575+00:00" testType="13cdc9d9-ddb5-4fa4-a97d-d965ccfc6d4b" outcome="Passed" testListId="8c84fa94-04c1-424b-9868-57a2d4851a1d" relativeResultsDirectory="f5cbd5ce-c3ec-4198-aee3-bbb6b2ce55b8" />
    <UnitTestResult executionId="ee0322e4-d20e-4e4e-8f33-ad8160ad7504" testId="c500f097-fe71-67cf-b8d4-784d1e132c6b" testName="BookLending.Api.Tests.BooksEndpointsFlowTests.Checkout_twice_returns_conflict_or_bad_request" computerName="DESKTOP-SF9B1Q6" duration="00:00:00.0363028" startTime="2025-10-28T22:53:58.5307193+00:00" endTime="2025-10-28T22:53:58.5307196+00:00" testType="13cdc9d9-ddb5-4fa4-a97d-d965ccfc6d4b" outcome="Failed" testListId="8c84fa94-04c1-424b-9868-57a2d4851a1d" relativeResultsDirectory="ee0322e4-d20e-4e4e-8f33-ad8160ad7504">
      <Output>
        <ErrorInfo>
          <Message>Expected (_client.PostAsync($"/books/{id}/checkout", null)).StatusCode to be HttpStatusCode.OK {value: 200}, but found HttpStatusCode.NoContent {value: 204}.</Message>
          <StackTrace>   at FluentAssertions.Execution.LateBoundTestFramework.Throw(String message)&#xD;
   at FluentAssertions.Execution.DefaultAssertionStrategy.HandleFailure(String message)&#xD;
   at FluentAssertions.Execution.AssertionScope.AddPreFormattedFailure(String formattedFailureMessage)&#xD;
   at FluentAssertions.Execution.AssertionChain.FailWith(Func`1 getFailureReason)&#xD;
   at FluentAssertions.Execution.AssertionChain.FailWith(Func`1 getFailureReason)&#xD;
   at FluentAssertions.Execution.AssertionChain.FailWith(String message, Object[] args)&#xD;
   at FluentAssertions.Primitives.EnumAssertions`2.Be(TEnum expected, String because, Object[] becauseArgs)&#xD;
   at BookLending.Api.Tests.BooksEndpointsFlowTests.Checkout_twice_returns_conflict_or_bad_request() in C:\Users\Admin\Mastek Tech Test\BookLendingService\tests\BookLending.Api.Tests\BooksEndpointsFlowTests.cs:line 86&#xD;
--- End of stack trace from previous location ---</StackTrace>
        </ErrorInfo>
      </Output>
    </UnitTestResult>
    <UnitTestResult executionId="6f0f07c2-4fd5-4827-9dde-b48980656a28" testId="a31f7d1c-a190-8fa2-5b37-55e55ee55299" testName="BookLending.Api.Tests.BooksEndpointsTests.GetBooks_returns_200_and_json" computerName="DESKTOP-SF9B1Q6" duration="00:00:08.5605574" startTime="2025-10-28T22:53:57.3751042+00:00" endTime="2025-10-28T22:53:57.3751414+00:00" testType="13cdc9d9-ddb5-4fa4-a97d-d965ccfc6d4b" outcome="Passed" testListId="8c84fa94-04c1-424b-9868-57a2d4851a1d" relativeResultsDirectory="6f0f07c2-4fd5-4827-9dde-b48980656a28" />
    <UnitTestResult executionId="7bd71435-9bc8-41e9-8607-97c23b60bfc1" testId="984d6ce9-6a5e-d7b4-4c44-77cdcf43925c" testName="BookLending.Api.Tests.BooksEndpointsFlowTests.Checkout_then_Return_updates_availability_flags" computerName="DESKTOP-SF9B1Q6" duration="00:00:09.3323848" startTime="2025-10-28T22:53:58.4157028+00:00" endTime="2025-10-28T22:53:58.4157033+00:00" testType="13cdc9d9-ddb5-4fa4-a97d-d965ccfc6d4b" outcome="Failed" testListId="8c84fa94-04c1-424b-9868-57a2d4851a1d" relativeResultsDirectory="7bd71435-9bc8-41e9-8607-97c23b60bfc1">
      <Output>
        <ErrorInfo>
          <Message>Expected checkoutResp.StatusCode to be HttpStatusCode.OK {value: 200}, but found HttpStatusCode.NoContent {value: 204}.</Message>
          <StackTrace>   at FluentAssertions.Execution.LateBoundTestFramework.Throw(String message)&#xD;
   at FluentAssertions.Execution.DefaultAssertionStrategy.HandleFailure(String message)&#xD;
   at FluentAssertions.Execution.AssertionScope.AddPreFormattedFailure(String formattedFailureMessage)&#xD;
   at FluentAssertions.Execution.AssertionChain.FailWith(Func`1 getFailureReason)&#xD;
   at FluentAssertions.Execution.AssertionChain.FailWith(Func`1 getFailureReason)&#xD;
   at FluentAssertions.Execution.AssertionChain.FailWith(String message, Object[] args)&#xD;
   at FluentAssertions.Primitives.EnumAssertions`2.Be(TEnum expected, String because, Object[] becauseArgs)&#xD;
   at BookLending.Api.Tests.BooksEndpointsFlowTests.Checkout_then_Return_updates_availability_flags() in C:\Users\Admin\Mastek Tech Test\BookLendingService\tests\BookLending.Api.Tests\BooksEndpointsFlowTests.cs:line 69&#xD;
--- End of stack trace from previous location ---</StackTrace>
        </ErrorInfo>
      </Output>
    </UnitTestResult>
    <UnitTestResult executionId="e5863680-6308-4de0-af1a-d475f8e06b7a" testId="0658f0b8-28c7-7d87-2b25-f558bd30b040" testName="BookLending.Api.Tests.BooksEndpointsFlowTests.Checkout_with_invalid_id_returns_400_or_404(rawId: &quot;00000000-0000-0000-0000-000000000000&quot;)" computerName="DESKTOP-SF9B1Q6" duration="00:00:00.0055018" startTime="2025-10-28T22:53:58.6821769+00:00" endTime="2025-10-28T22:53:58.6821772+00:00" testType="13cdc9d9-ddb5-4fa4-a97d-d965ccfc6d4b" outcome="Passed" testListId="8c84fa94-04c1-424b-9868-57a2d4851a1d" relativeResultsDirectory="e5863680-6308-4de0-af1a-d475f8e06b7a" />
    <UnitTestResult executionId="f443f7ca-33bd-4950-bc9e-7cfa5167aaea" testId="8ecbd635-d340-a973-0e13-f83e5831862c" testName="BookLending.Api.Tests.BooksEndpointsFlowTests.PostBooks_creates_book_and_returns_201_with_Location" computerName="DESKTOP-SF9B1Q6" duration="00:00:00.0478981" startTime="2025-10-28T22:53:58.4532595+00:00" endTime="2025-10-28T22:53:58.4532599+00:00" testType="13cdc9d9-ddb5-4fa4-a97d-d965ccfc6d4b" outcome="Passed" testListId="8c84fa94-04c1-424b-9868-57a2d4851a1d" relativeResultsDirectory="f443f7ca-33bd-4950-bc9e-7cfa5167aaea" />
    <UnitTestResult executionId="1e8215e7-09b1-4134-9500-eac5da1d6dc9" testId="831cff16-0e08-f126-cf05-b01f74cb5572" testName="BookLending.Api.Tests.BooksEndpointsFlowTests.Return_when_not_checked_out_returns_conflict_or_bad_request" computerName="DESKTOP-SF9B1Q6" duration="00:00:00.0344530" startTime="2025-10-28T22:53:58.4912479+00:00" endTime="2025-10-28T22:53:58.4912484+00:00" testType="13cdc9d9-ddb5-4fa4-a97d-d965ccfc6d4b" outcome="Failed" testListId="8c84fa94-04c1-424b-9868-57a2d4851a1d" relativeResultsDirectory="1e8215e7-09b1-4134-9500-eac5da1d6dc9">
      <Output>
        <ErrorInfo>
          <Message>Expected resp.StatusCode to be one of {HttpStatusCode.Conflict {value: 409}, HttpStatusCode.BadRequest {value: 400}}, but found HttpStatusCode.NoContent {value: 204}.</Message>
          <StackTrace>   at FluentAssertions.Execution.LateBoundTestFramework.Throw(String message)&#xD;
   at FluentAssertions.Execution.DefaultAssertionStrategy.HandleFailure(String message)&#xD;
   at FluentAssertions.Execution.AssertionScope.AddPreFormattedFailure(String formattedFailureMessage)&#xD;
   at FluentAssertions.Execution.AssertionChain.FailWith(Func`1 getFailureReason)&#xD;
   at FluentAssertions.Execution.AssertionChain.FailWith(Func`1 getFailureReason)&#xD;
   at FluentAssertions.Execution.AssertionChain.FailWith(String message, Object[] args)&#xD;
   at FluentAssertions.Primitives.EnumAssertions`2.BeOneOf(IEnumerable`1 validValues, String because, Object[] becauseArgs)&#xD;
   at FluentAssertions.Primitives.EnumAssertions`2.BeOneOf(TEnum[] validValues)&#xD;
   at BookLending.Api.Tests.BooksEndpointsFlowTests.Return_when_not_checked_out_returns_conflict_or_bad_request() in C:\Users\Admin\Mastek Tech Test\BookLendingService\tests\BookLending.Api.Tests\BooksEndpointsFlowTests.cs:line 98&#xD;
--- End of stack trace from previous location ---</StackTrace>
        </ErrorInfo>
      </Output>
    </UnitTestResult>
  </Results>
  <TestDefinitions>
    <UnitTest name="BookLending.Api.Tests.BooksEndpointsFlowTests.Checkout_then_Return_updates_availability_flags" storage="c:\users\admin\mastek tech test\booklendingservice\tests\booklending.api.tests\bin\debug\net8.0\booklending.api.tests.dll" id="984d6ce9-6a5e-d7b4-4c44-77cdcf43925c">
      <Execution id="7bd71435-9bc8-41e9-8607-97c23b60bfc1" />
      <TestMethod codeBase="C:\Users\Admin\Mastek Tech Test\BookLendingService\tests\BookLending.Api.Tests\bin\Debug\net8.0\BookLending.Api.Tests.dll" adapterTypeName="executor://xunit/VsTestRunner2/netcoreapp" className="BookLending.Api.Tests.BooksEndpointsFlowTests" name="Checkout_then_Return_updates_availability_flags" />
    </UnitTest>
    <UnitTest name="BookLending.Api.Tests.BooksEndpointsFlowTests.PostBooks_creates_book_and_returns_201_with_Location" storage="c:\users\admin\mastek tech test\booklendingservice\tests\booklending.api.tests\bin\debug\net8.0\booklending.api.tests.dll" id="8ecbd635-d340-a973-0e13-f83e5831862c">
      <Execution id="f443f7ca-33bd-4950-bc9e-7cfa5167aaea" />
      <TestMethod codeBase="C:\Users\Admin\Mastek Tech Test\BookLendingService\tests\BookLending.Api.Tests\bin\Debug\net8.0\BookLending.Api.Tests.dll" adapterTypeName="executor://xunit/VsTestRunner2/netcoreapp" className="BookLending.Api.Tests.BooksEndpointsFlowTests" name="PostBooks_creates_book_and_returns_201_with_Location" />
    </UnitTest>
    <UnitTest name="BookLending.Api.Tests.BooksEndpointsTests.GetBooks_returns_200_and_json" storage="c:\users\admin\mastek tech test\booklendingservice\tests\booklending.api.tests\bin\debug\net8.0\booklending.api.tests.dll" id="a31f7d1c-a190-8fa2-5b37-55e55ee55299">
      <Execution id="6f0f07c2-4fd5-4827-9dde-b48980656a28" />
      <TestMethod codeBase="C:\Users\Admin\Mastek Tech Test\BookLendingService\tests\BookLending.Api.Tests\bin\Debug\net8.0\BookLending.Api.Tests.dll" adapterTypeName="executor://xunit/VsTestRunner2/netcoreapp" className="BookLending.Api.Tests.BooksEndpointsTests" name="GetBooks_returns_200_and_json" />
    </UnitTest>
    <UnitTest name="BookLending.Api.Tests.BooksEndpointsFlowTests.PostBooks_invalid_payload_returns_400" storage="c:\users\admin\mastek tech test\booklendingservice\tests\booklending.api.tests\bin\debug\net8.0\booklending.api.tests.dll" id="16319d3d-8dac-f42b-828d-9ca4297577b3">
      <Execution id="fdb775b2-a9f0-46cc-b5fe-de3811e7ff77" />
      <TestMethod codeBase="C:\Users\Admin\Mastek Tech Test\BookLendingService\tests\BookLending.Api.Tests\bin\Debug\net8.0\BookLending.Api.Tests.dll" adapterTypeName="executor://xunit/VsTestRunner2/netcoreapp" className="BookLending.Api.Tests.BooksEndpointsFlowTests" name="PostBooks_invalid_payload_returns_400" />
    </UnitTest>
    <UnitTest name="BookLending.Api.Tests.BooksControllerTests.GetBooks_Returns200" storage="c:\users\admin\mastek tech test\booklendingservice\tests\booklending.api.tests\bin\debug\net8.0\booklending.api.tests.dll" id="ae18608d-8394-ec81-9361-2054f89fdf2e">
      <Execution id="92f03e91-90d3-44da-a0ee-f2273c16e177" />
      <TestMethod codeBase="C:\Users\Admin\Mastek Tech Test\BookLendingService\tests\BookLending.Api.Tests\bin\Debug\net8.0\BookLending.Api.Tests.dll" adapterTypeName="executor://xunit/VsTestRunner2/netcoreapp" className="BookLending.Api.Tests.BooksControllerTests" name="GetBooks_Returns200" />
    </UnitTest>
    <UnitTest name="BookLending.Api.Tests.BooksEndpointsFlowTests.Checkout_twice_returns_conflict_or_bad_request" storage="c:\users\admin\mastek tech test\booklendingservice\tests\booklending.api.tests\bin\debug\net8.0\booklending.api.tests.dll" id="c500f097-fe71-67cf-b8d4-784d1e132c6b">
      <Execution id="ee0322e4-d20e-4e4e-8f33-ad8160ad7504" />
      <TestMethod codeBase="C:\Users\Admin\Mastek Tech Test\BookLendingService\tests\BookLending.Api.Tests\bin\Debug\net8.0\BookLending.Api.Tests.dll" adapterTypeName="executor://xunit/VsTestRunner2/netcoreapp" className="BookLending.Api.Tests.BooksEndpointsFlowTests" name="Checkout_twice_returns_conflict_or_bad_request" />
    </UnitTest>
    <UnitTest name="BookLending.Api.Tests.BooksEndpointsFlowTests.Checkout_with_invalid_id_returns_400_or_404(rawId: &quot;00000000-0000-0000-0000-000000000000&quot;)" storage="c:\users\admin\mastek tech test\booklendingservice\tests\booklending.api.tests\bin\debug\net8.0\booklending.api.tests.dll" id="0658f0b8-28c7-7d87-2b25-f558bd30b040">
      <Execution id="e5863680-6308-4de0-af1a-d475f8e06b7a" />
      <TestMethod codeBase="C:\Users\Admin\Mastek Tech Test\BookLendingService\tests\BookLending.Api.Tests\bin\Debug\net8.0\BookLending.Api.Tests.dll" adapterTypeName="executor://xunit/VsTestRunner2/netcoreapp" className="BookLending.Api.Tests.BooksEndpointsFlowTests" name="Checkout_with_invalid_id_returns_400_or_404" />
    </UnitTest>
    <UnitTest name="BookLending.Api.Tests.BooksEndpointsFlowTests.Checkout_with_invalid_id_returns_400_or_404(rawId: &quot;not-a-guid&quot;)" storage="c:\users\admin\mastek tech test\booklendingservice\tests\booklending.api.tests\bin\debug\net8.0\booklending.api.tests.dll" id="e5e64254-62e8-e063-3024-a802de338838">
      <Execution id="f5cbd5ce-c3ec-4198-aee3-bbb6b2ce55b8" />
      <TestMethod codeBase="C:\Users\Admin\Mastek Tech Test\BookLendingService\tests\BookLending.Api.Tests\bin\Debug\net8.0\BookLending.Api.Tests.dll" adapterTypeName="executor://xunit/VsTestRunner2/netcoreapp" className="BookLending.Api.Tests.BooksEndpointsFlowTests" name="Checkout_with_invalid_id_returns_400_or_404" />
    </UnitTest>
    <UnitTest name="BookLending.Api.Tests.BooksEndpointsFlowTests.Return_when_not_checked_out_returns_conflict_or_bad_request" storage="c:\users\admin\mastek tech test\booklendingservice\tests\booklending.api.tests\bin\debug\net8.0\booklending.api.tests.dll" id="831cff16-0e08-f126-cf05-b01f74cb5572">
      <Execution id="1e8215e7-09b1-4134-9500-eac5da1d6dc9" />
      <TestMethod codeBase="C:\Users\Admin\Mastek Tech Test\BookLendingService\tests\BookLending.Api.Tests\bin\Debug\net8.0\BookLending.Api.Tests.dll" adapterTypeName="executor://xunit/VsTestRunner2/netcoreapp" className="BookLending.Api.Tests.BooksEndpointsFlowTests" name="Return_when_not_checked_out_returns_conflict_or_bad_request" />
    </UnitTest>
  </TestDefinitions>
  <TestEntries>
    <TestEntry testId="16319d3d-8dac-f42b-828d-9ca4297577b3" executionId="fdb775b2-a9f0-46cc-b5fe-de3811e7ff77" testListId="8c84fa94-04c1-424b-9868-57a2d4851a1d" />
    <TestEntry testId="ae18608d-8394-ec81-9361-2054f89fdf2e" executionId="92f03e91-90d3-44da-a0ee-f2273c16e177" testListId="8c84fa94-04c1-424b-9868-57a2d4851a1d" />
    <TestEntry testId="e5e64254-62e8-e063-3024-a802de338838" executionId="f5cbd5ce-c3ec-4198-aee3-bbb6b2ce55b8" testListId="8c84fa94-04c1-424b-9868-57a2d4851a1d" />
    <TestEntry testId="c500f097-fe71-67cf-b8d4-784d1e132c6b" executionId="ee0322e4-d20e-4e4e-8f33-ad8160ad7504" testListId="8c84fa94-04c1-424b-9868-57a2d4851a1d" />
    <TestEntry testId="a31f7d1c-a190-8fa2-5b37-55e55ee55299" executionId="6f0f07c2-4fd5-4827-9dde-b48980656a28" testListId="8c84fa94-04c1-424b-9868-57a2d4851a1d" />
    <TestEntry testId="984d6ce9-6a5e-d7b4-4c44-77cdcf43925c" executionId="7bd71435-9bc8-41e9-8607-97c23b60bfc1" testListId="8c84fa94-04c1-424b-9868-57a2d4851a1d" />
    <TestEntry testId="0658f0b8-28c7-7d87-2b25-f558bd30b040" executionId="e5863680-6308-4de0-af1a-d475f8e06b7a" testListId="8c84fa94-04c1-424b-9868-57a2d4851a1d" />
    <TestEntry testId="8ecbd635-d340-a973-0e13-f83e5831862c" executionId="f443f7ca-33bd-4950-bc9e-7cfa5167aaea" testListId="8c84fa94-04c1-424b-9868-57a2d4851a1d" />
    <TestEntry testId="831cff16-0e08-f126-cf05-b01f74cb5572" executionId="1e8215e7-09b1-4134-9500-eac5da1d6dc9" testListId="8c84fa94-04c1-424b-9868-57a2d4851a1d" />
  </TestEntries>
  <TestLists>
    <TestList name="Results Not in a List" id="8c84fa94-04c1-424b-9868-57a2d4851a1d" />
    <TestList name="All Loaded Results" id="19431567-8539-422a-85d7-44ee4e166bda" />
  </TestLists>
  <ResultSummary outcome="Failed">
    <Counters total="9" executed="9" passed="6" failed="3" error="0" timeout="0" aborted="0" inconclusive="0" passedButRunAborted="0" notRunnable="0" notExecuted="0" disconnected="0" warning="0" completed="0" inProgress="0" pending="0" />
    <Output>
      <StdOut>[xUnit.net 00:00:00.00] xUnit.net VSTest Adapter v2.8.2+699d445a1a (64-bit .NET 8.0.21)&#xD;
[xUnit.net 00:00:02.60]   Discovering: BookLending.Api.Tests&#xD;
[xUnit.net 00:00:02.96]   Discovered:  BookLending.Api.Tests&#xD;
[xUnit.net 00:00:02.98]   Starting:    BookLending.Api.Tests&#xD;
     Warning:&#xD;
     The component "Fluent Assertions" is governed by the rules defined in the Xceed License Agreement and&#xD;
     the Xceed Fluent Assertions Community License. You may use Fluent Assertions free of charge for&#xD;
     non-commercial use only. An active subscription is required to use Fluent Assertions for commercial use.&#xD;
     Please contact Xceed Sales mailto:sales@xceed.com to acquire a subscription at a very low cost.&#xD;
     A paid commercial license supports the development and continued increasing support of&#xD;
     Fluent Assertions users under both commercial and community licenses. Help us&#xD;
     keep Fluent Assertions at the forefront of unit testing.&#xD;
     For more information, visit https://xceed.com/products/unit-testing/fluent-assertions/&#xD;
[xUnit.net 00:00:12.73]       Expected checkoutResp.StatusCode to be HttpStatusCode.OK {value: 200}, but found HttpStatusCode.NoContent {value: 204}.&#xD;
[xUnit.net 00:00:12.73]       Stack Trace:&#xD;
[xUnit.net 00:00:12.73]            at FluentAssertions.Execution.LateBoundTestFramework.Throw(String message)&#xD;
[xUnit.net 00:00:12.73]            at FluentAssertions.Execution.DefaultAssertionStrategy.HandleFailure(String message)&#xD;
[xUnit.net 00:00:12.73]            at FluentAssertions.Execution.AssertionScope.AddPreFormattedFailure(String formattedFailureMessage)&#xD;
[xUnit.net 00:00:12.73]            at FluentAssertions.Execution.AssertionChain.FailWith(Func`1 getFailureReason)&#xD;
[xUnit.net 00:00:12.73]            at FluentAssertions.Execution.AssertionChain.FailWith(Func`1 getFailureReason)&#xD;
[xUnit.net 00:00:12.73]            at FluentAssertions.Execution.AssertionChain.FailWith(String message, Object[] args)&#xD;
[xUnit.net 00:00:12.73]            at FluentAssertions.Primitives.EnumAssertions`2.Be(TEnum expected, String because, Object[] becauseArgs)&#xD;
[xUnit.net 00:00:12.73]         C:\Users\Admin\Mastek Tech Test\BookLendingService\tests\BookLending.Api.Tests\BooksEndpointsFlowTests.cs(69,0): at BookLending.Api.Tests.BooksEndpointsFlowTests.Checkout_then_Return_updates_availability_flags()&#xD;
[xUnit.net 00:00:12.73]         --- End of stack trace from previous location ---&#xD;
[xUnit.net 00:00:12.81]       Expected resp.StatusCode to be one of {HttpStatusCode.Conflict {value: 409}, HttpStatusCode.BadRequest {value: 400}}, but found HttpStatusCode.NoContent {value: 204}.&#xD;
[xUnit.net 00:00:12.81]       Stack Trace:&#xD;
[xUnit.net 00:00:12.81]            at FluentAssertions.Execution.LateBoundTestFramework.Throw(String message)&#xD;
[xUnit.net 00:00:12.81]            at FluentAssertions.Execution.DefaultAssertionStrategy.HandleFailure(String message)&#xD;
[xUnit.net 00:00:12.81]            at FluentAssertions.Execution.AssertionScope.AddPreFormattedFailure(String formattedFailureMessage)&#xD;
[xUnit.net 00:00:12.81]            at FluentAssertions.Execution.AssertionChain.FailWith(Func`1 getFailureReason)&#xD;
[xUnit.net 00:00:12.81]            at FluentAssertions.Execution.AssertionChain.FailWith(Func`1 getFailureReason)&#xD;
[xUnit.net 00:00:12.81]            at FluentAssertions.Execution.AssertionChain.FailWith(String message, Object[] args)&#xD;
[xUnit.net 00:00:12.81]            at FluentAssertions.Primitives.EnumAssertions`2.BeOneOf(IEnumerable`1 validValues, String because, Object[] becauseArgs)&#xD;
[xUnit.net 00:00:12.81]            at FluentAssertions.Primitives.EnumAssertions`2.BeOneOf(TEnum[] validValues)&#xD;
[xUnit.net 00:00:12.81]         C:\Users\Admin\Mastek Tech Test\BookLendingService\tests\BookLending.Api.Tests\BooksEndpointsFlowTests.cs(98,0): at BookLending.Api.Tests.BooksEndpointsFlowTests.Return_when_not_checked_out_returns_conflict_or_bad_request()&#xD;
[xUnit.net 00:00:12.81]         --- End of stack trace from previous location ---&#xD;
[xUnit.net 00:00:12.85]       Expected (_client.PostAsync($"/books/{id}/checkout", null)).StatusCode to be HttpStatusCode.OK {value: 200}, but found HttpStatusCode.NoContent {value: 204}.&#xD;
[xUnit.net 00:00:12.85]       Stack Trace:&#xD;
[xUnit.net 00:00:12.85]            at FluentAssertions.Execution.LateBoundTestFramework.Throw(String message)&#xD;
[xUnit.net 00:00:12.85]            at FluentAssertions.Execution.DefaultAssertionStrategy.HandleFailure(String message)&#xD;
[xUnit.net 00:00:12.85]            at FluentAssertions.Execution.AssertionScope.AddPreFormattedFailure(String formattedFailureMessage)&#xD;
[xUnit.net 00:00:12.85]            at FluentAssertions.Execution.AssertionChain.FailWith(Func`1 getFailureReason)&#xD;
[xUnit.net 00:00:12.85]            at FluentAssertions.Execution.AssertionChain.FailWith(Func`1 getFailureReason)&#xD;
[xUnit.net 00:00:12.85]            at FluentAssertions.Execution.AssertionChain.FailWith(String message, Object[] args)&#xD;
[xUnit.net 00:00:12.85]            at FluentAssertions.Primitives.EnumAssertions`2.Be(TEnum expected, String because, Object[] becauseArgs)&#xD;
[xUnit.net 00:00:12.85]         C:\Users\Admin\Mastek Tech Test\BookLendingService\tests\BookLending.Api.Tests\BooksEndpointsFlowTests.cs(86,0): at BookLending.Api.Tests.BooksEndpointsFlowTests.Checkout_twice_returns_conflict_or_bad_request()&#xD;
[xUnit.net 00:00:12.85]         --- End of stack trace from previous location ---&#xD;
[xUnit.net 00:00:13.01]   Finished:    BookLending.Api.Tests&#xD;
</StdOut>
    </Output>
    <RunInfos>
      <RunInfo computerName="DESKTOP-SF9B1Q6" outcome="Error" timestamp="2025-10-28T22:53:58.4089794+00:00">
        <Text>[xUnit.net 00:00:12.73]     BookLending.Api.Tests.BooksEndpointsFlowTests.Checkout_then_Return_updates_availability_flags [FAIL]</Text>
      </RunInfo>
      <RunInfo computerName="DESKTOP-SF9B1Q6" outcome="Error" timestamp="2025-10-28T22:53:58.4899976+00:00">
        <Text>[xUnit.net 00:00:12.81]     BookLending.Api.Tests.BooksEndpointsFlowTests.Return_when_not_checked_out_returns_conflict_or_bad_request [FAIL]</Text>
      </RunInfo>
      <RunInfo computerName="DESKTOP-SF9B1Q6" outcome="Error" timestamp="2025-10-28T22:53:58.5300284+00:00">
        <Text>[xUnit.net 00:00:12.85]     BookLending.Api.Tests.BooksEndpointsFlowTests.Checkout_twice_returns_conflict_or_bad_request [FAIL]</Text>
      </RunInfo>
    </RunInfos>
  </ResultSummary>
</TestRun>